2025-11-03T09:24:26.797+01:00  INFO 24276 --- [Cereal] [main] SPAC.Cereal.CerealApplication            : Starting CerealApplication using Java 21.0.8 with PID 24276 (C:\Specialisterne - Opgaver\Uge 3\Cereal\target\classes started by SPAC-41 in C:\Specialisterne - Opgaver\Uge 3\Cereal)
2025-11-03T09:24:26.804+01:00  INFO 24276 --- [Cereal] [main] SPAC.Cereal.CerealApplication            : No active profile set, falling back to 1 default profile: "default"
2025-11-03T09:24:28.075+01:00  INFO 24276 --- [Cereal] [main] .s.d.r.c.RepositoryConfigurationDelegate : Bootstrapping Spring Data JPA repositories in DEFAULT mode.
2025-11-03T09:24:28.184+01:00  INFO 24276 --- [Cereal] [main] .s.d.r.c.RepositoryConfigurationDelegate : Finished Spring Data repository scanning in 94 ms. Found 2 JPA repository interfaces.
2025-11-03T09:24:29.003+01:00  INFO 24276 --- [Cereal] [main] o.s.b.w.embedded.tomcat.TomcatWebServer  : Tomcat initialized with port 8080 (http)
2025-11-03T09:24:29.025+01:00  INFO 24276 --- [Cereal] [main] o.apache.catalina.core.StandardService   : Starting service [Tomcat]
2025-11-03T09:24:29.026+01:00  INFO 24276 --- [Cereal] [main] o.apache.catalina.core.StandardEngine    : Starting Servlet engine: [Apache Tomcat/10.1.46]
2025-11-03T09:24:29.110+01:00  INFO 24276 --- [Cereal] [main] o.a.c.c.C.[Tomcat].[localhost].[/]       : Initializing Spring embedded WebApplicationContext
2025-11-03T09:24:29.111+01:00  INFO 24276 --- [Cereal] [main] w.s.c.ServletWebServerApplicationContext : Root WebApplicationContext: initialization completed in 2227 ms
2025-11-03T09:24:29.366+01:00  INFO 24276 --- [Cereal] [main] o.hibernate.jpa.internal.util.LogHelper  : HHH000204: Processing PersistenceUnitInfo [name: default]
2025-11-03T09:24:29.465+01:00  INFO 24276 --- [Cereal] [main] org.hibernate.Version                    : HHH000412: Hibernate ORM core version 6.6.29.Final
2025-11-03T09:24:29.513+01:00  INFO 24276 --- [Cereal] [main] o.h.c.internal.RegionFactoryInitiator    : HHH000026: Second-level cache disabled
2025-11-03T09:24:29.997+01:00  INFO 24276 --- [Cereal] [main] o.s.o.j.p.SpringPersistenceUnitInfo      : No LoadTimeWeaver setup: ignoring JPA class transformer
2025-11-03T09:24:30.037+01:00  INFO 24276 --- [Cereal] [main] com.zaxxer.hikari.HikariDataSource       : HikariPool-1 - Starting...
2025-11-03T09:24:30.513+01:00  INFO 24276 --- [Cereal] [main] com.zaxxer.hikari.pool.HikariPool        : HikariPool-1 - Added connection com.mysql.cj.jdbc.ConnectionImpl@7d18338b
2025-11-03T09:24:30.516+01:00  INFO 24276 --- [Cereal] [main] com.zaxxer.hikari.HikariDataSource       : HikariPool-1 - Start completed.
2025-11-03T09:24:30.603+01:00  INFO 24276 --- [Cereal] [main] org.hibernate.orm.connections.pooling    : HHH10001005: Database info:
	Database JDBC URL [Connecting through datasource 'HikariDataSource (HikariPool-1)']
	Database driver: undefined/unknown
	Database version: 8.0.43
	Autocommit mode: undefined/unknown
	Isolation level: undefined/unknown
	Minimum pool size: undefined/unknown
	Maximum pool size: undefined/unknown
2025-11-03T09:24:31.558+01:00  INFO 24276 --- [Cereal] [main] o.h.e.t.j.p.i.JtaPlatformInitiator       : HHH000489: No JTA platform available (set 'hibernate.transaction.jta.platform' to enable JTA platform integration)
2025-11-03T09:24:31.993+01:00  INFO 24276 --- [Cereal] [main] j.LocalContainerEntityManagerFactoryBean : Initialized JPA EntityManagerFactory for persistence unit 'default'
2025-11-03T09:24:32.576+01:00  WARN 24276 --- [Cereal] [main] JpaBaseConfiguration$JpaWebConfiguration : spring.jpa.open-in-view is enabled by default. Therefore, database queries may be performed during view rendering. Explicitly configure spring.jpa.open-in-view to disable this warning
2025-11-03T09:24:32.963+01:00  INFO 24276 --- [Cereal] [main] r$InitializeUserDetailsManagerConfigurer : Global AuthenticationManager configured with UserDetailsService bean with name dbUserDetailsService
2025-11-03T09:24:33.609+01:00  INFO 24276 --- [Cereal] [main] o.s.b.w.embedded.tomcat.TomcatWebServer  : Tomcat started on port 8080 (http) with context path '/'
2025-11-03T09:24:33.621+01:00  INFO 24276 --- [Cereal] [main] SPAC.Cereal.CerealApplication            : Started CerealApplication in 7.645 seconds (process running for 8.334)
2025-11-03T09:24:38.938+01:00  INFO 24276 --- [Cereal] [http-nio-8080-exec-2] o.a.c.c.C.[Tomcat].[localhost].[/]       : Initializing Spring DispatcherServlet 'dispatcherServlet'
2025-11-03T09:24:49.977+01:00  INFO 24276 --- [Cereal] [http-nio-8080-exec-4] S.Cereal.controller.ProductController    : Image found for product id: 1
2025-11-03T09:24:53.056+01:00  INFO 24276 --- [Cereal] [http-nio-8080-exec-5] S.Cereal.controller.ProductController    : Image found for product id: 5
2025-11-03T09:24:54.202+01:00  INFO 24276 --- [Cereal] [http-nio-8080-exec-7] S.Cereal.controller.ProductController    : Image found for product id: 1
2025-11-03T09:44:29.146+01:00  INFO 24276 --- [Cereal] [SpringApplicationShutdownHook] o.s.b.w.e.tomcat.GracefulShutdown        : Commencing graceful shutdown. Waiting for active requests to complete
2025-11-03T09:44:29.160+01:00  INFO 24276 --- [Cereal] [tomcat-shutdown] o.s.b.w.e.tomcat.GracefulShutdown        : Graceful shutdown complete
2025-11-03T09:44:29.165+01:00  INFO 24276 --- [Cereal] [SpringApplicationShutdownHook] j.LocalContainerEntityManagerFactoryBean : Closing JPA EntityManagerFactory for persistence unit 'default'
2025-11-03T09:44:29.192+01:00  INFO 24276 --- [Cereal] [SpringApplicationShutdownHook] com.zaxxer.hikari.HikariDataSource       : HikariPool-1 - Shutdown initiated...
2025-11-03T09:44:29.199+01:00  INFO 24276 --- [Cereal] [SpringApplicationShutdownHook] com.zaxxer.hikari.HikariDataSource       : HikariPool-1 - Shutdown completed.
2025-11-03T10:09:59.531+01:00  INFO 20648 --- [Cereal] [main] SPAC.Cereal.CerealApplication            : Starting CerealApplication using Java 21.0.8 with PID 20648 (C:\Specialisterne - Opgaver\Uge 3\Cereal\target\classes started by SPAC-41 in C:\Specialisterne - Opgaver\Uge 3\Cereal)
2025-11-03T10:09:59.534+01:00  INFO 20648 --- [Cereal] [main] SPAC.Cereal.CerealApplication            : No active profile set, falling back to 1 default profile: "default"
2025-11-03T10:10:00.946+01:00  INFO 20648 --- [Cereal] [main] .s.d.r.c.RepositoryConfigurationDelegate : Bootstrapping Spring Data JPA repositories in DEFAULT mode.
2025-11-03T10:10:01.032+01:00  INFO 20648 --- [Cereal] [main] .s.d.r.c.RepositoryConfigurationDelegate : Finished Spring Data repository scanning in 68 ms. Found 2 JPA repository interfaces.
2025-11-03T10:10:01.910+01:00  INFO 20648 --- [Cereal] [main] o.s.b.w.embedded.tomcat.TomcatWebServer  : Tomcat initialized with port 8080 (http)
2025-11-03T10:10:02.035+01:00  INFO 20648 --- [Cereal] [main] w.s.c.ServletWebServerApplicationContext : Root WebApplicationContext: initialization completed in 2440 ms
2025-11-03T10:10:02.352+01:00  INFO 20648 --- [Cereal] [main] o.hibernate.jpa.internal.util.LogHelper  : HHH000204: Processing PersistenceUnitInfo [name: default]
2025-11-03T10:10:02.461+01:00  INFO 20648 --- [Cereal] [main] org.hibernate.Version                    : HHH000412: Hibernate ORM core version 6.6.29.Final
2025-11-03T10:10:02.534+01:00  INFO 20648 --- [Cereal] [main] o.h.c.internal.RegionFactoryInitiator    : HHH000026: Second-level cache disabled
2025-11-03T10:10:03.006+01:00  INFO 20648 --- [Cereal] [main] o.s.o.j.p.SpringPersistenceUnitInfo      : No LoadTimeWeaver setup: ignoring JPA class transformer
2025-11-03T10:10:03.073+01:00  INFO 20648 --- [Cereal] [main] com.zaxxer.hikari.HikariDataSource       : HikariPool-1 - Starting...
2025-11-03T10:10:03.650+01:00  INFO 20648 --- [Cereal] [main] com.zaxxer.hikari.pool.HikariPool        : HikariPool-1 - Added connection com.mysql.cj.jdbc.ConnectionImpl@620572db
2025-11-03T10:10:03.654+01:00  INFO 20648 --- [Cereal] [main] com.zaxxer.hikari.HikariDataSource       : HikariPool-1 - Start completed.
2025-11-03T10:10:03.744+01:00  INFO 20648 --- [Cereal] [main] org.hibernate.orm.connections.pooling    : HHH10001005: Database info:
	Database JDBC URL [Connecting through datasource 'HikariDataSource (HikariPool-1)']
	Database driver: undefined/unknown
	Database version: 8.0.43
	Autocommit mode: undefined/unknown
	Isolation level: undefined/unknown
	Minimum pool size: undefined/unknown
	Maximum pool size: undefined/unknown
2025-11-03T10:10:04.685+01:00  INFO 20648 --- [Cereal] [main] o.h.e.t.j.p.i.JtaPlatformInitiator       : HHH000489: No JTA platform available (set 'hibernate.transaction.jta.platform' to enable JTA platform integration)
2025-11-03T10:10:05.155+01:00  INFO 20648 --- [Cereal] [main] j.LocalContainerEntityManagerFactoryBean : Initialized JPA EntityManagerFactory for persistence unit 'default'
2025-11-03T10:10:05.711+01:00  WARN 20648 --- [Cereal] [main] JpaBaseConfiguration$JpaWebConfiguration : spring.jpa.open-in-view is enabled by default. Therefore, database queries may be performed during view rendering. Explicitly configure spring.jpa.open-in-view to disable this warning
2025-11-03T10:10:06.162+01:00  INFO 20648 --- [Cereal] [main] r$InitializeUserDetailsManagerConfigurer : Global AuthenticationManager configured with UserDetailsService bean with name dbUserDetailsService
2025-11-03T10:10:06.982+01:00  INFO 20648 --- [Cereal] [main] o.s.b.w.embedded.tomcat.TomcatWebServer  : Tomcat started on port 8080 (http) with context path '/'
2025-11-03T10:10:06.997+01:00  INFO 20648 --- [Cereal] [main] SPAC.Cereal.CerealApplication            : Started CerealApplication in 8.157 seconds (process running for 9.22)
2025-11-03T10:10:07.001+01:00  INFO 20648 --- [Cereal] [SpringApplicationShutdownHook] o.s.b.w.e.tomcat.GracefulShutdown        : Commencing graceful shutdown. Waiting for active requests to complete
2025-11-03T10:10:07.017+01:00  INFO 20648 --- [Cereal] [tomcat-shutdown] o.s.b.w.e.tomcat.GracefulShutdown        : Graceful shutdown complete
2025-11-03T10:10:07.022+01:00  INFO 20648 --- [Cereal] [SpringApplicationShutdownHook] j.LocalContainerEntityManagerFactoryBean : Closing JPA EntityManagerFactory for persistence unit 'default'
2025-11-03T10:10:07.058+01:00  INFO 20648 --- [Cereal] [SpringApplicationShutdownHook] com.zaxxer.hikari.HikariDataSource       : HikariPool-1 - Shutdown initiated...
2025-11-03T10:10:07.067+01:00  INFO 20648 --- [Cereal] [SpringApplicationShutdownHook] com.zaxxer.hikari.HikariDataSource       : HikariPool-1 - Shutdown completed.
2025-11-03T10:40:32.886+01:00  INFO 20516 --- [Cereal] [main] SPAC.Cereal.CerealApplication            : Starting CerealApplication using Java 21.0.8 with PID 20516 (C:\Specialisterne - Opgaver\Uge 3\Cereal\target\classes started by SPAC-41 in C:\Specialisterne - Opgaver\Uge 3\Cereal)
2025-11-03T10:40:32.889+01:00  INFO 20516 --- [Cereal] [main] SPAC.Cereal.CerealApplication            : No active profile set, falling back to 1 default profile: "default"
2025-11-03T10:40:33.867+01:00  INFO 20516 --- [Cereal] [main] .s.d.r.c.RepositoryConfigurationDelegate : Bootstrapping Spring Data JPA repositories in DEFAULT mode.
2025-11-03T10:40:33.951+01:00  INFO 20516 --- [Cereal] [main] .s.d.r.c.RepositoryConfigurationDelegate : Finished Spring Data repository scanning in 62 ms. Found 2 JPA repository interfaces.
2025-11-03T10:40:34.624+01:00  INFO 20516 --- [Cereal] [main] o.s.b.w.embedded.tomcat.TomcatWebServer  : Tomcat initialized with port 8080 (http)
2025-11-03T10:40:34.645+01:00  INFO 20516 --- [Cereal] [main] o.apache.catalina.core.StandardService   : Starting service [Tomcat]
2025-11-03T10:40:34.646+01:00  INFO 20516 --- [Cereal] [main] o.apache.catalina.core.StandardEngine    : Starting Servlet engine: [Apache Tomcat/10.1.46]
2025-11-03T10:40:34.726+01:00  INFO 20516 --- [Cereal] [main] o.a.c.c.C.[Tomcat].[localhost].[/]       : Initializing Spring embedded WebApplicationContext
2025-11-03T10:40:34.726+01:00  INFO 20516 --- [Cereal] [main] w.s.c.ServletWebServerApplicationContext : Root WebApplicationContext: initialization completed in 1786 ms
2025-11-03T10:40:35.018+01:00  INFO 20516 --- [Cereal] [main] o.hibernate.jpa.internal.util.LogHelper  : HHH000204: Processing PersistenceUnitInfo [name: default]
2025-11-03T10:40:35.096+01:00  INFO 20516 --- [Cereal] [main] org.hibernate.Version                    : HHH000412: Hibernate ORM core version 6.6.29.Final
2025-11-03T10:40:35.152+01:00  INFO 20516 --- [Cereal] [main] o.h.c.internal.RegionFactoryInitiator    : HHH000026: Second-level cache disabled
2025-11-03T10:40:35.512+01:00  INFO 20516 --- [Cereal] [main] o.s.o.j.p.SpringPersistenceUnitInfo      : No LoadTimeWeaver setup: ignoring JPA class transformer
2025-11-03T10:40:35.552+01:00  INFO 20516 --- [Cereal] [main] com.zaxxer.hikari.HikariDataSource       : HikariPool-1 - Starting...
2025-11-03T10:40:35.883+01:00  INFO 20516 --- [Cereal] [main] com.zaxxer.hikari.pool.HikariPool        : HikariPool-1 - Added connection com.mysql.cj.jdbc.ConnectionImpl@4ac19bc6
2025-11-03T10:40:35.886+01:00  INFO 20516 --- [Cereal] [main] com.zaxxer.hikari.HikariDataSource       : HikariPool-1 - Start completed.
2025-11-03T10:40:35.959+01:00  INFO 20516 --- [Cereal] [main] org.hibernate.orm.connections.pooling    : HHH10001005: Database info:
	Database JDBC URL [Connecting through datasource 'HikariDataSource (HikariPool-1)']
	Database driver: undefined/unknown
	Database version: 8.0.43
	Autocommit mode: undefined/unknown
	Isolation level: undefined/unknown
	Minimum pool size: undefined/unknown
	Maximum pool size: undefined/unknown
2025-11-03T10:40:36.680+01:00  INFO 20516 --- [Cereal] [main] o.h.e.t.j.p.i.JtaPlatformInitiator       : HHH000489: No JTA platform available (set 'hibernate.transaction.jta.platform' to enable JTA platform integration)
2025-11-03T10:40:37.107+01:00  INFO 20516 --- [Cereal] [main] j.LocalContainerEntityManagerFactoryBean : Initialized JPA EntityManagerFactory for persistence unit 'default'
2025-11-03T10:40:37.570+01:00  WARN 20516 --- [Cereal] [main] JpaBaseConfiguration$JpaWebConfiguration : spring.jpa.open-in-view is enabled by default. Therefore, database queries may be performed during view rendering. Explicitly configure spring.jpa.open-in-view to disable this warning
2025-11-03T10:40:37.887+01:00  INFO 20516 --- [Cereal] [main] r$InitializeUserDetailsManagerConfigurer : Global AuthenticationManager configured with UserDetailsService bean with name dbUserDetailsService
2025-11-03T10:40:38.447+01:00  INFO 20516 --- [Cereal] [main] o.s.b.w.embedded.tomcat.TomcatWebServer  : Tomcat started on port 8080 (http) with context path '/'
2025-11-03T10:40:38.456+01:00  INFO 20516 --- [Cereal] [main] SPAC.Cereal.CerealApplication            : Started CerealApplication in 6.109 seconds (process running for 6.485)
2025-11-03T10:48:32.676+01:00  INFO 20516 --- [Cereal] [SpringApplicationShutdownHook] o.s.b.w.e.tomcat.GracefulShutdown        : Commencing graceful shutdown. Waiting for active requests to complete
2025-11-03T10:48:32.690+01:00  INFO 20516 --- [Cereal] [tomcat-shutdown] o.s.b.w.e.tomcat.GracefulShutdown        : Graceful shutdown complete
2025-11-03T10:48:32.694+01:00  INFO 20516 --- [Cereal] [SpringApplicationShutdownHook] j.LocalContainerEntityManagerFactoryBean : Closing JPA EntityManagerFactory for persistence unit 'default'
2025-11-03T10:48:32.725+01:00  INFO 20516 --- [Cereal] [SpringApplicationShutdownHook] com.zaxxer.hikari.HikariDataSource       : HikariPool-1 - Shutdown initiated...
2025-11-03T10:48:32.731+01:00  INFO 20516 --- [Cereal] [SpringApplicationShutdownHook] com.zaxxer.hikari.HikariDataSource       : HikariPool-1 - Shutdown completed.
